<?xml version="1.0" encoding="UTF-8"?>
<!-- Generated by org.testng.reporters.JUnitReportReporter -->
<testsuite hostname="Gihan" failures="0" tests="1" name="First_framework.Testcase1" time="9.621" errors="0" timestamp="2021-10-02T15:04:16 IST" skipped="0">
  <testcase classname="First_framework.Testcase1" name="testRegister" time="9.621"/>
  <system-out/>
</testsuite> <!-- First_framework.Testcase1 -->
